# JRE version: OpenJDK Runtime Environment (15.0.1+9) (build 15.0.1+9-18)
# Java VM: OpenJDK 64-Bit Server VM (15.0.1+9-18, mixed mode, tiered, compressed oops, g1 gc, windows-amd64)
GC Precious Log:
 CPUs: 8 total, 8 available
 Memory: 8037M
 Large Page Support: Disabled
 NUMA Support: Disabled
 Compressed Oops: Enabled (32-bit)
 Heap Region Size: 1M
 Heap Min Capacity: 8M
 Heap Initial Capacity: 126M
 Heap Max Capacity: 2010M
 Pre-touch: Disabled
 Parallel Workers: 8
 Concurrent Workers: 2
 Concurrent Refinement Workers: 8
 Periodic GC: Disabled
Heap:
 garbage-first heap   total 70656K, used 11989K [0x0000000082600000, 0x0000000100000000)
  region size 1024K, 10 young (10240K), 1 survivors (1024K)
 Metaspace       used 14115K, capacity 14338K, committed 14592K, reserved 1079296K
  class space    used 1364K, capacity 1414K, committed 1536K, reserved 1048576K
GC Heap History (10 events):
Event: 0.137 GC heap before
{Heap before GC invocations=0 (full 0):
 garbage-first heap   total 129024K, used 0K [0x0000000082600000, 0x0000000100000000)
  region size 1024K, 1 young (1024K), 0 survivors (0K)
 Metaspace       used 3270K, capacity 3400K, committed 3456K, reserved 1071104K
  class space    used 258K, capacity 384K, committed 384K, reserved 1048576K
}
Event: 0.140 GC heap after
{Heap after GC invocations=1 (full 0):
 garbage-first heap   total 129024K, used 589K [0x0000000082600000, 0x0000000100000000)
  region size 1024K, 1 young (1024K), 1 survivors (1024K)
 Metaspace       used 3270K, capacity 3400K, committed 3456K, reserved 1071104K
  class space    used 258K, capacity 384K, committed 384K, reserved 1048576K
}
Event: 0.800 GC heap before
{Heap before GC invocations=2 (full 0):
 garbage-first heap   total 8192K, used 6733K [0x0000000082600000, 0x0000000100000000)
  region size 1024K, 8 young (8192K), 1 survivors (1024K)
 Metaspace       used 9425K, capacity 9551K, committed 9600K, reserved 1075200K
  class space    used 826K, capacity 865K, committed 896K, reserved 1048576K
}
Event: 0.805 GC heap after
{Heap after GC invocations=3 (full 0):
 garbage-first heap   total 11264K, used 2540K [0x0000000082600000, 0x0000000100000000)
  region size 1024K, 3 young (3072K), 3 survivors (3072K)
 Metaspace       used 9425K, capacity 9551K, committed 9600K, reserved 1075200K
  class space    used 826K, capacity 865K, committed 896K, reserved 1048576K
}
Event: 0.900 GC heap before
{Heap before GC invocations=3 (full 0):
 garbage-first heap   total 11264K, used 4588K [0x0000000082600000, 0x0000000100000000)
  region size 1024K, 5 young (5120K), 3 survivors (3072K)
 Metaspace       used 10495K, capacity 10709K, committed 10752K, reserved 1077248K
  class space    used 925K, capacity 995K, committed 1024K, reserved 1048576K
}
Event: 0.906 GC heap after
{Heap after GC invocations=4 (full 0):
 garbage-first heap   total 11264K, used 3177K [0x0000000082600000, 0x0000000100000000)
  region size 1024K, 1 young (1024K), 1 survivors (1024K)
 Metaspace       used 10495K, capacity 10709K, committed 10752K, reserved 1077248K
  class space    used 925K, capacity 995K, committed 1024K, reserved 1048576K
}
Event: 1.010 GC heap before
{Heap before GC invocations=4 (full 0):
 garbage-first heap   total 11264K, used 5225K [0x0000000082600000, 0x0000000100000000)
  region size 1024K, 3 young (3072K), 1 survivors (1024K)
 Metaspace       used 11616K, capacity 11864K, committed 11904K, reserved 1077248K
  class space    used 1054K, capacity 1124K, committed 1152K, reserved 1048576K
}
Event: 1.013 GC heap after
{Heap after GC invocations=5 (full 0):
 garbage-first heap   total 11264K, used 3551K [0x0000000082600000, 0x0000000100000000)
  region size 1024K, 1 young (1024K), 1 survivors (1024K)
 Metaspace       used 11616K, capacity 11864K, committed 11904K, reserved 1077248K
  class space    used 1054K, capacity 1124K, committed 1152K, reserved 1048576K
}
Event: 1.082 GC heap before
{Heap before GC invocations=5 (full 0):
 garbage-first heap   total 11264K, used 5599K [0x0000000082600000, 0x0000000100000000)
  region size 1024K, 3 young (3072K), 1 survivors (1024K)
 Metaspace       used 12250K, capacity 12447K, committed 12544K, reserved 1077248K
  class space    used 1113K, capacity 1189K, committed 1280K, reserved 1048576K
}
Event: 1.085 GC heap after
{Heap after GC invocations=6 (full 0):
 garbage-first heap   total 70656K, used 3797K [0x0000000082600000, 0x0000000100000000)
  region size 1024K, 1 young (1024K), 1 survivors (1024K)
 Metaspace       used 12250K, capacity 12447K, committed 12544K, reserved 1077248K
  class space    used 1113K, capacity 1189K, committed 1280K, reserved 1048576K
}

